<?xml version="1.0" encoding="UTF-8"?>
<!-- Generated by org.testng.reporters.JUnitXMLReporter -->
<testsuite ignored="0" hostname="Radhagobinda" failures="0" tests="6" name="Test" time="320.134" errors="0" timestamp="2024-03-22T04:41:41 IST">
  <testcase classname="testscripts.tc0" name="tc0" time="53.106"/>
  <testcase classname="testscripts.tc0" name="tc0" time="51.386"/>
  <testcase classname="testscripts.tc0" name="tc0" time="50.564"/>
  <testcase classname="testscripts.tc1" name="tc1" time="44.482"/>
  <testcase classname="testscripts.tc1" name="tc1" time="44.619"/>
  <testcase classname="testscripts.tc1" name="tc1" time="44.44"/>
</testsuite> <!-- Test -->
