<?xml version="1.0" encoding="UTF-8"?>
<!-- Generated by org.testng.reporters.JUnitXMLReporter -->
<testsuite ignored="0" hostname="Radhagobinda" failures="0" tests="6" name="Test" time="326.013" errors="0" timestamp="2024-03-25T14:51:12 IST">
  <testcase classname="testscripts.tc0" name="tc0" time="54.445"/>
  <testcase classname="testscripts.tc0" name="tc0" time="51.763"/>
  <testcase classname="testscripts.tc0" name="tc0" time="51.153"/>
  <testcase classname="testscripts.tc1" name="tc1" time="49.208"/>
  <testcase classname="testscripts.tc1" name="tc1" time="47.691"/>
  <testcase classname="testscripts.tc1" name="tc1" time="44.765"/>
</testsuite> <!-- Test -->
